<?xml version="1.0" encoding="UTF-8"?>
<coverage generated="1672433009161" clover="3.2.0">
  <project timestamp="1672433009161" name="All files">
    <metrics statements="13" coveredstatements="13" conditionals="4" coveredconditionals="4" methods="1" coveredmethods="1" elements="18" coveredelements="18" complexity="0" loc="13" ncloc="13" packages="1" files="1" classes="1"/>
    <file name="selectionSort.js" path="/Users/kingpra/Documents/codeAndCoffee/algorithms/algos/selectionSort.js">
      <metrics statements="13" coveredstatements="13" conditionals="4" coveredconditionals="4" methods="1" coveredmethods="1"/>
      <line num="4" count="3" type="stmt"/>
      <line num="5" count="13" type="stmt"/>
      <line num="7" count="13" type="stmt"/>
      <line num="8" count="27" type="cond" truecount="2" falsecount="0"/>
      <line num="9" count="9" type="stmt"/>
      <line num="13" count="13" type="cond" truecount="2" falsecount="0"/>
      <line num="14" count="7" type="stmt"/>
      <line num="15" count="7" type="stmt"/>
      <line num="16" count="7" type="stmt"/>
      <line num="19" count="3" type="stmt"/>
      <line num="22" count="1" type="stmt"/>
      <line num="23" count="1" type="stmt"/>
      <line num="25" count="1" type="stmt"/>
    </file>
  </project>
</coverage>
