{"/Users/kingpra/Documents/codeAndCoffee/algorithms/algoExpert/twoNumberSum": {"path":"/Users/kingpra/Documents/codeAndCoffee/algorithms/algoExpert/twoNumberSum","statementMap":{"0":{"start":{"line":3,"column":4},"end":{"line":13,"column":5}},"1":{"start":{"line":3,"column":16},"end":{"line":3,"column":17}},"2":{"start":{"line":4,"column":23},"end":{"line":4,"column":29}},"3":{"start":{"line":6,"column":8},"end":{"line":12,"column":9}},"4":{"start":{"line":6,"column":20},"end":{"line":6,"column":21}},"5":{"start":{"line":7,"column":28},"end":{"line":7,"column":34}},"6":{"start":{"line":9,"column":12},"end":{"line":11,"column":13}},"7":{"start":{"line":10,"column":16},"end":{"line":10,"column":43}},"8":{"start":{"line":14,"column":4},"end":{"line":14,"column":14}},"9":{"start":{"line":17,"column":0},"end":{"line":17,"column":30}}},"fnMap":{"0":{"name":"twoNumberSum","decl":{"start":{"line":1,"column":9},"end":{"line":1,"column":21}},"loc":{"start":{"line":1,"column":32},"end":{"line":15,"column":1}},"line":1}},"branchMap":{"0":{"loc":{"start":{"line":9,"column":12},"end":{"line":11,"column":13}},"type":"if","locations":[{"start":{"line":9,"column":12},"end":{"line":11,"column":13}},{"start":{},"end":{}}],"line":9}},"s":{"0":2,"1":2,"2":8,"3":8,"4":8,"5":47,"6":47,"7":1,"8":1,"9":1},"f":{"0":2},"b":{"0":[1,46]},"inputSourceMap":null,"_coverageSchema":"1a1c01bbd47fc00a2c39e90264f33305004495a9","hash":"9a8d1eebee8677f52f44abc91552d4a31434f5ff"}
}
