{"/Users/kingpra/Documents/codeAndCoffee/algorithms/codewars/arrayDiff.js": {"path":"/Users/kingpra/Documents/codeAndCoffee/algorithms/codewars/arrayDiff.js","statementMap":{"0":{"start":{"line":95,"column":17},"end":{"line":95,"column":19}},"1":{"start":{"line":96,"column":4},"end":{"line":110,"column":5}},"2":{"start":{"line":96,"column":17},"end":{"line":96,"column":18}},"3":{"start":{"line":98,"column":31},"end":{"line":98,"column":36}},"4":{"start":{"line":100,"column":8},"end":{"line":104,"column":9}},"5":{"start":{"line":100,"column":21},"end":{"line":100,"column":22}},"6":{"start":{"line":101,"column":12},"end":{"line":103,"column":13}},"7":{"start":{"line":102,"column":16},"end":{"line":102,"column":40}},"8":{"start":{"line":106,"column":8},"end":{"line":108,"column":9}},"9":{"start":{"line":107,"column":12},"end":{"line":107,"column":30}},"10":{"start":{"line":111,"column":4},"end":{"line":111,"column":18}},"11":{"start":{"line":116,"column":0},"end":{"line":116,"column":27}}},"fnMap":{"0":{"name":"arrayDiff","decl":{"start":{"line":94,"column":9},"end":{"line":94,"column":18}},"loc":{"start":{"line":94,"column":23},"end":{"line":112,"column":1}},"line":94}},"branchMap":{"0":{"loc":{"start":{"line":101,"column":12},"end":{"line":103,"column":13}},"type":"if","locations":[{"start":{"line":101,"column":12},"end":{"line":103,"column":13}},{"start":{},"end":{}}],"line":101},"1":{"loc":{"start":{"line":106,"column":8},"end":{"line":108,"column":9}},"type":"if","locations":[{"start":{"line":106,"column":8},"end":{"line":108,"column":9}},{"start":{},"end":{}}],"line":106}},"s":{"0":6,"1":6,"2":6,"3":14,"4":14,"5":14,"6":14,"7":6,"8":14,"9":8,"10":6,"11":1},"f":{"0":6},"b":{"0":[6,8],"1":[8,6]},"_coverageSchema":"1a1c01bbd47fc00a2c39e90264f33305004495a9","hash":"722db313088a27352e03d2fc970915112e774a4e"}
}
