TN:
SF:codewars/extractTheDomain.js
FN:20,domainName
FNF:1
FNH:1
FNDA:8,domainName
DA:22,8
DA:23,3
DA:26,5
DA:27,5
DA:28,5
DA:29,5
DA:30,5
DA:32,5
DA:33,5
DA:34,5
DA:35,69
DA:37,69
DA:38,5
DA:39,5
DA:42,64
DA:43,5
DA:44,5
DA:45,1
DA:47,5
DA:48,5
DA:52,0
DA:53,0
DA:54,0
DA:55,0
DA:57,0
DA:58,0
DA:59,0
DA:64,1
DA:65,1
LF:29
LH:22
BRDA:22,0,0,3
BRDA:22,0,1,5
BRDA:22,1,0,8
BRDA:22,1,1,6
BRDA:22,1,2,6
BRDA:32,2,0,5
BRDA:32,2,1,0
BRDA:37,3,0,5
BRDA:37,3,1,64
BRDA:37,4,0,69
BRDA:37,4,1,32
BRDA:42,5,0,5
BRDA:42,5,1,59
BRDA:44,6,0,1
BRDA:44,6,1,4
BRDA:57,7,0,0
BRDA:57,7,1,0
BRDA:57,8,0,0
BRDA:57,8,1,0
BRF:19
BRH:14
end_of_record
